<?xml version="1.0" encoding="UTF-8"?>
<!-- Generated by org.testng.reporters.JUnitXMLReporter -->
<testsuite hostname="DELL-PC" ignored="1" name="DemoTest1" tests="9" failures="1" timestamp="2020-06-17T10:48:00 EDT" time="0.102" errors="0">
  <testcase name="Demo1" time="0.008" classname="Pack1.Hello"/>
  <testcase name="Demo2" time="0.002" classname="Pack1.Hello"/>
  <testcase name="Demo3" time="0.001" classname="Pack1.Bye"/>
  <testcase name="Flunk" time="0.004" classname="Pack1.Bye">
    <failure type="java.lang.AssertionError" message="expected [true] but found [false]">
      <![CDATA[java.lang.AssertionError: expected [true] but found [false]
at Pack1.Bye.Flunk(Bye.java:39)
at java.util.ArrayList.forEach(Unknown Source)
... Removed 31 stack frames]]>
    </failure>
  </testcase> <!-- Flunk -->
  <testcase name="Demo20" time="0.007" classname="Pack1.Iuejeva"/>
  <testcase name="MobileDemo10" time="0.001" classname="Pack1.Iuejeva"/>
  <testcase name="MobileDemo9" time="0.002" classname="Pack1.Iuejeva"/>
  <testcase name="Demo8" time="0.002" classname="Pack1.Iuejeva"/>
  <testcase name="Demo7" time="0.002" classname="Pack1.Iuejeva"/>
  <testcase name="Demo19" time="0.0" classname="Pack1.Iuejeva">
    <ignored/>
  </testcase> <!-- Demo19 -->
</testsuite> <!-- DemoTest1 -->
