<?xml version="1.0" encoding="UTF-8"?>
<!-- Generated by org.testng.reporters.JUnitXMLReporter -->
<testsuite hostname="DELL-PC" ignored="0" name="DemoTest2" tests="5" failures="0" timestamp="2020-06-17T10:48:00 EDT" time="0.025" errors="0">
  <testcase name="Demo4" time="0.001" classname="Pack1.Hollla"/>
  <testcase name="Demo5" time="0.003" classname="Pack1.Hollla"/>
  <testcase name="Demo6" time="0.002" classname="Pack1.Hollla"/>
  <testcase name="Demo6" time="0.002" classname="Pack1.Hollla"/>
  <testcase name="Demo6" time="0.004" classname="Pack1.Hollla"/>
</testsuite> <!-- DemoTest2 -->
