<?xml version="1.0" encoding="UTF-8"?>
<testng-results skipped="0" failed="1" ignored="0" total="5" passed="4">
  <reporter-output>
  </reporter-output>
  <suite name="Default suite" duration-ms="144" started-at="2020-06-26T09:29:11 EDT" finished-at="2020-06-26T09:29:11 EDT">
    <groups>
      <group name="Arsenal">
        <method signature="Hollla.Demo5()[pri:0, instance:Pack1.Hollla@5b87ed94]" name="Demo5" class="Pack1.Hollla"/>
      </group> <!-- Arsenal -->
    </groups>
    <test name="Default test" duration-ms="144" started-at="2020-06-26T09:29:11 EDT" finished-at="2020-06-26T09:29:11 EDT">
      <class name="Pack1.Hollla">
        <test-method status="PASS" signature="Demo14()[pri:0, instance:Pack1.Hollla@5b87ed94]" name="Demo14" is-config="true" duration-ms="10" started-at="2020-06-26T09:29:11 EDT" finished-at="2020-06-26T09:29:11 EDT">
          <reporter-output>
          </reporter-output>
        </test-method> <!-- Demo14 -->
        <test-method status="FAIL" signature="Demo4(java.lang.String, java.lang.String)[pri:0, instance:Pack1.Hollla@5b87ed94]" name="Demo4" duration-ms="0" started-at="2020-06-26T09:29:11 EDT" finished-at="2020-06-26T09:29:11 EDT">
          <exception class="org.testng.TestNGException">
            <message>
              <![CDATA[
Parameter 'URL' is required by @Test on method Demo4 but has not been marked @Optional or defined
in C:\Users\Harmilap\AppData\Local\Temp\testng-eclipse-1671387532\testng-customsuite.xml]]>
            </message>
            <full-stacktrace>
              <![CDATA[org.testng.TestNGException: 
Parameter 'URL' is required by @Test on method Demo4 but has not been marked @Optional or defined
in C:\Users\Harmilap\AppData\Local\Temp\testng-eclipse-1671387532\testng-customsuite.xml
at org.testng.internal.Parameters.createParams(Parameters.java:268)
at org.testng.internal.Parameters.createParametersForMethod(Parameters.java:356)
at org.testng.internal.Parameters.createParameters(Parameters.java:700)
at org.testng.internal.Parameters.handleParameters(Parameters.java:875)
at org.testng.internal.Parameters.handleParameters(Parameters.java:740)
at org.testng.internal.ParameterHandler.handleParameters(ParameterHandler.java:59)
at org.testng.internal.ParameterHandler.createParameters(ParameterHandler.java:38)
at org.testng.internal.TestInvoker$MethodInvocationAgent.invoke(TestInvoker.java:788)
at org.testng.internal.TestInvoker.invokeTestMethods(TestInvoker.java:147)
at org.testng.internal.TestMethodWorker.invokeTestMethods(TestMethodWorker.java:146)
at org.testng.internal.TestMethodWorker.run(TestMethodWorker.java:128)
at java.util.ArrayList.forEach(Unknown Source)
at org.testng.TestRunner.privateRun(TestRunner.java:767)
at org.testng.TestRunner.run(TestRunner.java:588)
at org.testng.SuiteRunner.runTest(SuiteRunner.java:384)
at org.testng.SuiteRunner.runSequentially(SuiteRunner.java:378)
at org.testng.SuiteRunner.privateRun(SuiteRunner.java:337)
at org.testng.SuiteRunner.run(SuiteRunner.java:286)
at org.testng.SuiteRunnerWorker.runSuite(SuiteRunnerWorker.java:53)
at org.testng.SuiteRunnerWorker.run(SuiteRunnerWorker.java:96)
at org.testng.TestNG.runSuitesSequentially(TestNG.java:1214)
at org.testng.TestNG.runSuitesLocally(TestNG.java:1136)
at org.testng.TestNG.runSuites(TestNG.java:1066)
at org.testng.TestNG.run(TestNG.java:1034)
at org.testng.remote.AbstractRemoteTestNG.run(AbstractRemoteTestNG.java:115)
at org.testng.remote.RemoteTestNG.initAndRun(RemoteTestNG.java:251)
at org.testng.remote.RemoteTestNG.main(RemoteTestNG.java:77)
]]>
            </full-stacktrace>
          </exception> <!-- org.testng.TestNGException -->
          <reporter-output>
          </reporter-output>
        </test-method> <!-- Demo4 -->
        <test-method status="PASS" signature="Demo5()[pri:0, instance:Pack1.Hollla@5b87ed94]" name="Demo5" duration-ms="4" started-at="2020-06-26T09:29:11 EDT" finished-at="2020-06-26T09:29:11 EDT">
          <reporter-output>
          </reporter-output>
        </test-method> <!-- Demo5 -->
        <test-method status="PASS" signature="Demo6(java.lang.String, java.lang.String)[pri:0, instance:Pack1.Hollla@5b87ed94]" name="Demo6" duration-ms="3" started-at="2020-06-26T09:29:11 EDT" data-provider="MatchDay" finished-at="2020-06-26T09:29:11 EDT">
          <params>
            <param index="0">
              <value>
                <![CDATA[Match 1]]>
              </value>
            </param>
            <param index="1">
              <value>
                <![CDATA[Aston Villa V Sheffield United]]>
              </value>
            </param>
          </params>
          <reporter-output>
          </reporter-output>
        </test-method> <!-- Demo6 -->
        <test-method status="PASS" signature="Demo6(java.lang.String, java.lang.String)[pri:0, instance:Pack1.Hollla@5b87ed94]" name="Demo6" duration-ms="10" started-at="2020-06-26T09:29:11 EDT" data-provider="MatchDay" finished-at="2020-06-26T09:29:11 EDT">
          <params>
            <param index="0">
              <value>
                <![CDATA[Match 2]]>
              </value>
            </param>
            <param index="1">
              <value>
                <![CDATA[Manchester City V Arsenal]]>
              </value>
            </param>
          </params>
          <reporter-output>
          </reporter-output>
        </test-method> <!-- Demo6 -->
        <test-method status="PASS" signature="Demo6(java.lang.String, java.lang.String)[pri:0, instance:Pack1.Hollla@5b87ed94]" name="Demo6" duration-ms="8" started-at="2020-06-26T09:29:11 EDT" data-provider="MatchDay" finished-at="2020-06-26T09:29:11 EDT">
          <params>
            <param index="0">
              <value>
                <![CDATA[Match 3]]>
              </value>
            </param>
            <param index="1">
              <value>
                <![CDATA[Leverkusen V Koln]]>
              </value>
            </param>
          </params>
          <reporter-output>
          </reporter-output>
        </test-method> <!-- Demo6 -->
      </class> <!-- Pack1.Hollla -->
    </test> <!-- Default test -->
  </suite> <!-- Default suite -->
</testng-results>
